[1355690479.51] Getting inserted ID for 'wp_options' ('option_name') : SELECT CURRVAL('wp_options_seq') => 332
[1355690555.93] Getting inserted ID for 'wp_options' ('option_name') : SELECT CURRVAL('wp_options_seq') => 333
[1355690571.38] Getting inserted ID for 'wp_options' ('option_name') : SELECT CURRVAL('wp_options_seq') => 334
[1355690586.07] Getting inserted ID for 'wp_options' ('option_name') : SELECT CURRVAL('wp_options_seq') => 335
[1355690596.91] Getting inserted ID for 'wp_options' ('option_name') : SELECT CURRVAL('wp_options_seq') => 336
[1355690607.76] Getting inserted ID for 'wp_options' ('option_name') : SELECT CURRVAL('wp_options_seq') => 337
[1355690624.09] Getting inserted ID for 'wp_options' ('option_name') : SELECT CURRVAL('wp_options_seq') => 338
[1355690629.28] Getting inserted ID for 'wp_options' ('option_name') : SELECT CURRVAL('wp_options_seq') => 339
[1355690646.98] Getting inserted ID for 'wp_options' ('option_name') : SELECT CURRVAL('wp_options_seq') => 340
[1355690729.35] Getting inserted ID for 'wp_options' ('option_name') : SELECT CURRVAL('wp_options_seq') => 341
[1355690729.35] Getting inserted ID for 'wp_options' ('option_name') : SELECT CURRVAL('wp_options_seq') => 342
[1355690729.41] Getting inserted ID for 'wp_options' ('option_name') : SELECT CURRVAL('wp_options_seq') => 343
[1355690729.41] Getting inserted ID for 'wp_options' ('option_name') : SELECT CURRVAL('wp_options_seq') => 344
[1355690736.17] Getting inserted ID for 'wp_options' ('option_name') : SELECT CURRVAL('wp_options_seq') => 345
[1355690742.38] Getting inserted ID for 'wp_options' ('option_name') : SELECT CURRVAL('wp_options_seq') => 346
[1355690777.72] Getting inserted ID for 'wp_options' ('option_name') : SELECT CURRVAL('wp_options_seq') => 347
[1355692374.18] Getting inserted ID for 'wp_options' ('option_name') : SELECT CURRVAL('wp_options_seq') => 348
[1355692425.76] Getting inserted ID for 'wp_options' ('option_name') : SELECT CURRVAL('wp_options_seq') => 349
[1355692516.19] Getting inserted ID for 'wp_options' ('option_name') : SELECT CURRVAL('wp_options_seq') => 350
[1355692580.84] Getting inserted ID for 'wp_options' ('option_name') : SELECT CURRVAL('wp_options_seq') => 351
[1355692584.03] Getting inserted ID for 'wp_options' ('option_name') : SELECT CURRVAL('wp_options_seq') => 352
[1355692951.97] Getting inserted ID for 'wp_options' ('option_name') : SELECT CURRVAL('wp_options_seq') => 353
[1355692998.99] Getting inserted ID for 'wp_options' ('option_name') : SELECT CURRVAL('wp_options_seq') => 354
[1355693008.45] Getting inserted ID for 'wp_options' ('option_name') : SELECT CURRVAL('wp_options_seq') => 355
[1355693375.48] Getting inserted ID for 'wp_options' ('option_name') : SELECT CURRVAL('wp_options_seq') => 356
[1355693403.2] Getting inserted ID for 'wp_options' ('option_name') : SELECT CURRVAL('wp_options_seq') => 357
[1355693447.19] Getting inserted ID for 'wp_posts' ('post_author') : SELECT CURRVAL('wp_posts_seq') => 198
[1355693459.72] Getting inserted ID for 'wp_options' ('option_name') : SELECT CURRVAL('wp_options_seq') => 358
[1355693463.38] Getting inserted ID for 'wp_options' ('option_name') : SELECT CURRVAL('wp_options_seq') => 359
[1355693471.39] Getting inserted ID for 'wp_posts' ('post_author') : SELECT CURRVAL('wp_posts_seq') => 199
[1355693481.57] Getting inserted ID for 'wp_options' ('option_name') : SELECT CURRVAL('wp_options_seq') => 360
[1355693503.51] Getting inserted ID for 'wp_options' ('option_name') : SELECT CURRVAL('wp_options_seq') => 361
[1355693504.08] Getting inserted ID for 'wp_posts' ('post_author') : SELECT CURRVAL('wp_posts_seq') => 200
[1355693508.44] Getting inserted ID for 'wp_options' ('option_name') : SELECT CURRVAL('wp_options_seq') => 362
[1355693516.91] Getting inserted ID for 'wp_options' ('option_name') : SELECT CURRVAL('wp_options_seq') => 363
[1355693530.61] Getting inserted ID for 'wp_options' ('option_name') : SELECT CURRVAL('wp_options_seq') => 364
[1355693531.14] Getting inserted ID for 'wp_posts' ('post_author') : SELECT CURRVAL('wp_posts_seq') => 201
[1355693535.74] Getting inserted ID for 'wp_options' ('option_name') : SELECT CURRVAL('wp_options_seq') => 365
[1355693570.74] Getting inserted ID for 'wp_options' ('option_name') : SELECT CURRVAL('wp_options_seq') => 366
[1355693571.18] Getting inserted ID for 'wp_options' ('option_name') : SELECT CURRVAL('wp_options_seq') => 367
[1355693882.23] Getting inserted ID for 'wp_options' ('option_name') : SELECT CURRVAL('wp_options_seq') => 368
[1355693946.23] Getting inserted ID for 'wp_options' ('option_name') : SELECT CURRVAL('wp_options_seq') => 369
[1355693948.86] Getting inserted ID for 'wp_options' ('option_name') : SELECT CURRVAL('wp_options_seq') => 370
[1355694067.69] Getting inserted ID for 'wp_options' ('option_name') : SELECT CURRVAL('wp_options_seq') => 371
[1355694077.22] Getting inserted ID for 'wp_options' ('option_name') : SELECT CURRVAL('wp_options_seq') => 372
[1355694096] Getting inserted ID for 'wp_options' ('option_name') : SELECT CURRVAL('wp_options_seq') => 373
[1355694141.91] Getting inserted ID for 'wp_options' ('option_name') : SELECT CURRVAL('wp_options_seq') => 374
[1355694151.2] Getting inserted ID for 'wp_options' ('option_name') : SELECT CURRVAL('wp_options_seq') => 375
[1355694165.37] Getting inserted ID for 'wp_options' ('option_name') : SELECT CURRVAL('wp_options_seq') => 376
[1355694241.02] Getting inserted ID for 'wp_options' ('option_name') : SELECT CURRVAL('wp_options_seq') => 377
[1355694244.75] Getting inserted ID for 'wp_options' ('option_name') : SELECT CURRVAL('wp_options_seq') => 378
[1355694270.93] Getting inserted ID for 'wp_options' ('option_name') : SELECT CURRVAL('wp_options_seq') => 379
[1355694273.63] Getting inserted ID for 'wp_options' ('option_name') : SELECT CURRVAL('wp_options_seq') => 380
[1355694299.81] Getting inserted ID for 'wp_options' ('option_name') : SELECT CURRVAL('wp_options_seq') => 381
[1355694324.76] Getting inserted ID for 'wp_options' ('option_name') : SELECT CURRVAL('wp_options_seq') => 382
[1355694326.35] Getting inserted ID for 'wp_options' ('option_name') : SELECT CURRVAL('wp_options_seq') => 383
[1355694586.87] Getting inserted ID for 'wp_options' ('option_name') : SELECT CURRVAL('wp_options_seq') => 384
[1355694588.13] Getting inserted ID for 'wp_options' ('option_name') : SELECT CURRVAL('wp_options_seq') => 385
[1355694588.42] Getting inserted ID for 'wp_options' ('option_name') : SELECT CURRVAL('wp_options_seq') => 386
[1355694596.94] Getting inserted ID for 'wp_options' ('option_name') : SELECT CURRVAL('wp_options_seq') => 387
[1355694597.32] Getting inserted ID for 'wp_options' ('option_name') : SELECT CURRVAL('wp_options_seq') => 388
[1355694598.43] Getting inserted ID for 'wp_options' ('option_name') : SELECT CURRVAL('wp_options_seq') => 389
[1355694598.75] Getting inserted ID for 'wp_options' ('option_name') : SELECT CURRVAL('wp_options_seq') => 390
[1355694613.92] Getting inserted ID for 'wp_options' ('option_name') : SELECT CURRVAL('wp_options_seq') => 391
[1355694614.31] Getting inserted ID for 'wp_options' ('option_name') : SELECT CURRVAL('wp_options_seq') => 392
[1355694615.37] Getting inserted ID for 'wp_options' ('option_name') : SELECT CURRVAL('wp_options_seq') => 393
[1355694615.71] Getting inserted ID for 'wp_options' ('option_name') : SELECT CURRVAL('wp_options_seq') => 394
[1355694618.17] Getting inserted ID for 'wp_options' ('option_name') : SELECT CURRVAL('wp_options_seq') => 395
[1355694618.52] Getting inserted ID for 'wp_options' ('option_name') : SELECT CURRVAL('wp_options_seq') => 396
[1355694619.66] Getting inserted ID for 'wp_options' ('option_name') : SELECT CURRVAL('wp_options_seq') => 397
[1355694623.45] Getting inserted ID for 'wp_options' ('option_name') : SELECT CURRVAL('wp_options_seq') => 398
[1355694623.75] Getting inserted ID for 'wp_options' ('option_name') : SELECT CURRVAL('wp_options_seq') => 399
[1355694624.95] Getting inserted ID for 'wp_options' ('option_name') : SELECT CURRVAL('wp_options_seq') => 400
[1355694625.22] Getting inserted ID for 'wp_options' ('option_name') : SELECT CURRVAL('wp_options_seq') => 401
[1355694631.59] Getting inserted ID for 'wp_options' ('option_name') : SELECT CURRVAL('wp_options_seq') => 402
[1355694641.52] Getting inserted ID for 'wp_options' ('option_name') : SELECT CURRVAL('wp_options_seq') => 403
[1355694642.87] Getting inserted ID for 'wp_options' ('option_name') : SELECT CURRVAL('wp_options_seq') => 404
[1355694643.23] Getting inserted ID for 'wp_options' ('option_name') : SELECT CURRVAL('wp_options_seq') => 405
[1355732938.2] Getting inserted ID for 'wp_options' ('option_name') : SELECT CURRVAL('wp_options_seq') => 406
[1355732939.08] Getting inserted ID for 'wp_options' ('option_name') : SELECT CURRVAL('wp_options_seq') => 407
[1355732939.08] Getting inserted ID for 'wp_options' ('option_name') : SELECT CURRVAL('wp_options_seq') => 408
[1355745902.19] Getting inserted ID for 'wp_options' ('option_name') : SELECT CURRVAL('wp_options_seq') => 409
[1355745903.39] Getting inserted ID for 'wp_options' ('option_name') : SELECT CURRVAL('wp_options_seq') => 410
[1355745903.73] Getting inserted ID for 'wp_options' ('option_name') : SELECT CURRVAL('wp_options_seq') => 411
[1355746015.29] Getting inserted ID for 'wp_options' ('option_name') : SELECT CURRVAL('wp_options_seq') => 412
[1355746015.61] Getting inserted ID for 'wp_options' ('option_name') : SELECT CURRVAL('wp_options_seq') => 413
[1355746016.22] Getting inserted ID for 'wp_options' ('option_name') : SELECT CURRVAL('wp_options_seq') => 414
[1355746031.26] Getting inserted ID for 'wp_options' ('option_name') : SELECT CURRVAL('wp_options_seq') => 415
[1355746031.93] Getting inserted ID for 'wp_options' ('option_name') : SELECT CURRVAL('wp_options_seq') => 416
[1355746370.74] Getting inserted ID for 'wp_options' ('option_name') : SELECT CURRVAL('wp_options_seq') => 417
[1355746371.86] Getting inserted ID for 'wp_options' ('option_name') : SELECT CURRVAL('wp_options_seq') => 418
[1355746455.98] Getting inserted ID for 'wp_options' ('option_name') : SELECT CURRVAL('wp_options_seq') => 419
[1355746455.99] Getting inserted ID for 'wp_options' ('option_name') : SELECT CURRVAL('wp_options_seq') => 420
[1355746458.29] Getting inserted ID for 'wp_options' ('option_name') : SELECT CURRVAL('wp_options_seq') => 421
[1355746458.29] Getting inserted ID for 'wp_options' ('option_name') : SELECT CURRVAL('wp_options_seq') => 422
[1355746458.29] Getting inserted ID for 'wp_options' ('option_name') : SELECT CURRVAL('wp_options_seq') => 423
[1355746458.29] Getting inserted ID for 'wp_options' ('option_name') : SELECT CURRVAL('wp_options_seq') => 424
[1355746458.3] Getting inserted ID for 'wp_options' ('option_name') : SELECT CURRVAL('wp_options_seq') => 425
[1355746458.3] Getting inserted ID for 'wp_options' ('option_name') : SELECT CURRVAL('wp_options_seq') => 426
[1355746458.6] Getting inserted ID for 'wp_options' ('option_name') : SELECT CURRVAL('wp_options_seq') => 427
[1355746458.61] Getting inserted ID for 'wp_options' ('option_name') : SELECT CURRVAL('wp_options_seq') => 428
[1355746458.61] Getting inserted ID for 'wp_options' ('option_name') : SELECT CURRVAL('wp_options_seq') => 429
[1355746458.61] Getting inserted ID for 'wp_options' ('option_name') : SELECT CURRVAL('wp_options_seq') => 430
[1355746458.62] Getting inserted ID for 'wp_options' ('option_name') : SELECT CURRVAL('wp_options_seq') => 431
[1355746458.62] Getting inserted ID for 'wp_options' ('option_name') : SELECT CURRVAL('wp_options_seq') => 432
[1355746458.68] Getting inserted ID for 'wp_options' ('option_name') : SELECT CURRVAL('wp_options_seq') => 433
[1355746458.69] Getting inserted ID for 'wp_options' ('option_name') : SELECT CURRVAL('wp_options_seq') => 434
[1355746458.69] Getting inserted ID for 'wp_options' ('option_name') : SELECT CURRVAL('wp_options_seq') => 435
[1355746458.69] Getting inserted ID for 'wp_options' ('option_name') : SELECT CURRVAL('wp_options_seq') => 436
[1355746458.97] Getting inserted ID for 'wp_options' ('option_name') : SELECT CURRVAL('wp_options_seq') => 437
[1355746458.98] Getting inserted ID for 'wp_options' ('option_name') : SELECT CURRVAL('wp_options_seq') => 438
[1355746458.99] Getting inserted ID for 'wp_options' ('option_name') : SELECT CURRVAL('wp_options_seq') => 439
[1355746458.99] Getting inserted ID for 'wp_options' ('option_name') : SELECT CURRVAL('wp_options_seq') => 440
[1355746459.02] Getting inserted ID for 'wp_options' ('option_name') : SELECT CURRVAL('wp_options_seq') => 441
[1355746459.03] Getting inserted ID for 'wp_options' ('option_name') : SELECT CURRVAL('wp_options_seq') => 442
[1355746459.11] Getting inserted ID for 'wp_options' ('option_name') : SELECT CURRVAL('wp_options_seq') => 443
[1355746459.11] Getting inserted ID for 'wp_options' ('option_name') : SELECT CURRVAL('wp_options_seq') => 444
[1355746459.12] Getting inserted ID for 'wp_options' ('option_name') : SELECT CURRVAL('wp_options_seq') => 445
[1355746459.12] Getting inserted ID for 'wp_options' ('option_name') : SELECT CURRVAL('wp_options_seq') => 446
[1355746459.14] Getting inserted ID for 'wp_options' ('option_name') : SELECT CURRVAL('wp_options_seq') => 447
[1355746459.14] Getting inserted ID for 'wp_options' ('option_name') : SELECT CURRVAL('wp_options_seq') => 448
[1355746484.11] Getting inserted ID for 'wp_options' ('option_name') : SELECT CURRVAL('wp_options_seq') => 449
[1355749012.31] Getting inserted ID for 'wp_options' ('option_name') : SELECT CURRVAL('wp_options_seq') => 450
[1355749013.18] Getting inserted ID for 'wp_options' ('option_name') : SELECT CURRVAL('wp_options_seq') => 451
[1355750469.91] Getting inserted ID for 'wp_options' ('option_name') : SELECT CURRVAL('wp_options_seq') => 452
[1355750470.87] Getting inserted ID for 'wp_options' ('option_name') : SELECT CURRVAL('wp_options_seq') => 453
[1355750476.81] Getting inserted ID for 'wp_options' ('option_name') : SELECT CURRVAL('wp_options_seq') => 454
[1355750477.46] Getting inserted ID for 'wp_options' ('option_name') : SELECT CURRVAL('wp_options_seq') => 455
[1355750780.33] Getting inserted ID for 'wp_options' ('option_name') : SELECT CURRVAL('wp_options_seq') => 456
[1355750781.15] Getting inserted ID for 'wp_options' ('option_name') : SELECT CURRVAL('wp_options_seq') => 457
[1355750805.52] Getting inserted ID for 'wp_options' ('option_name') : SELECT CURRVAL('wp_options_seq') => 458
[1355750806.22] Getting inserted ID for 'wp_options' ('option_name') : SELECT CURRVAL('wp_options_seq') => 459
[1355750900.53] Getting inserted ID for 'wp_options' ('option_name') : SELECT CURRVAL('wp_options_seq') => 460
[1355750901.18] Getting inserted ID for 'wp_options' ('option_name') : SELECT CURRVAL('wp_options_seq') => 461
[1355750928.77] Getting inserted ID for 'wp_options' ('option_name') : SELECT CURRVAL('wp_options_seq') => 462
[1355750929.38] Getting inserted ID for 'wp_options' ('option_name') : SELECT CURRVAL('wp_options_seq') => 463
[1355750937.38] Getting inserted ID for 'wp_options' ('option_name') : SELECT CURRVAL('wp_options_seq') => 464
[1355750938.22] Getting inserted ID for 'wp_options' ('option_name') : SELECT CURRVAL('wp_options_seq') => 465
[1355750985.23] Getting inserted ID for 'wp_options' ('option_name') : SELECT CURRVAL('wp_options_seq') => 466
[1355750985.94] Getting inserted ID for 'wp_options' ('option_name') : SELECT CURRVAL('wp_options_seq') => 467
[1355751029.59] Getting inserted ID for 'wp_options' ('option_name') : SELECT CURRVAL('wp_options_seq') => 468
[1355751030.25] Getting inserted ID for 'wp_options' ('option_name') : SELECT CURRVAL('wp_options_seq') => 469
[1355751061.55] Getting inserted ID for 'wp_options' ('option_name') : SELECT CURRVAL('wp_options_seq') => 470
[1355751062.22] Getting inserted ID for 'wp_options' ('option_name') : SELECT CURRVAL('wp_options_seq') => 471
[1355751085.31] Getting inserted ID for 'wp_options' ('option_name') : SELECT CURRVAL('wp_options_seq') => 472
[1355751085.95] Getting inserted ID for 'wp_options' ('option_name') : SELECT CURRVAL('wp_options_seq') => 473
[1355751132.35] Getting inserted ID for 'wp_options' ('option_name') : SELECT CURRVAL('wp_options_seq') => 474
[1355751133.01] Getting inserted ID for 'wp_options' ('option_name') : SELECT CURRVAL('wp_options_seq') => 475
[1355751155.93] Getting inserted ID for 'wp_options' ('option_name') : SELECT CURRVAL('wp_options_seq') => 476
[1355751156.6] Getting inserted ID for 'wp_options' ('option_name') : SELECT CURRVAL('wp_options_seq') => 477
[1355751175.53] Getting inserted ID for 'wp_options' ('option_name') : SELECT CURRVAL('wp_options_seq') => 478
[1355751176.37] Getting inserted ID for 'wp_options' ('option_name') : SELECT CURRVAL('wp_options_seq') => 479
[1355751191.07] Getting inserted ID for 'wp_options' ('option_name') : SELECT CURRVAL('wp_options_seq') => 480
[1355751191.07] Getting inserted ID for 'wp_options' ('option_name') : SELECT CURRVAL('wp_options_seq') => 481
[1355751700.63] Getting inserted ID for 'wp_options' ('option_name') : SELECT CURRVAL('wp_options_seq') => 482
[1355751707.34] Getting inserted ID for 'wp_options' ('option_name') : SELECT CURRVAL('wp_options_seq') => 483
[1355751707.34] Getting inserted ID for 'wp_options' ('option_name') : SELECT CURRVAL('wp_options_seq') => 484
[1355751733.69] Getting inserted ID for 'wp_options' ('option_name') : SELECT CURRVAL('wp_options_seq') => 485
[1355751828.83] Getting inserted ID for 'wp_posts' ('post_author') : SELECT CURRVAL('wp_posts_seq') => 202
[1355751828.84] Getting inserted ID for 'wp_postmeta' ('post_id') : SELECT CURRVAL('wp_postmeta_seq') => 100
[1355751829] Getting inserted ID for 'wp_postmeta' ('post_id') : SELECT CURRVAL('wp_postmeta_seq') => 101
[1355751829.5] Getting inserted ID for 'wp_posts' ('post_author') : SELECT CURRVAL('wp_posts_seq') => 203
[1355751829.51] Getting inserted ID for 'wp_postmeta' ('post_id') : SELECT CURRVAL('wp_postmeta_seq') => 102
[1355751829.66] Getting inserted ID for 'wp_postmeta' ('post_id') : SELECT CURRVAL('wp_postmeta_seq') => 103
[1355751830.17] Getting inserted ID for 'wp_posts' ('post_author') : SELECT CURRVAL('wp_posts_seq') => 204
[1355751830.17] Getting inserted ID for 'wp_postmeta' ('post_id') : SELECT CURRVAL('wp_postmeta_seq') => 104
[1355751830.28] Getting inserted ID for 'wp_postmeta' ('post_id') : SELECT CURRVAL('wp_postmeta_seq') => 105
[1355751830.77] Getting inserted ID for 'wp_posts' ('post_author') : SELECT CURRVAL('wp_posts_seq') => 205
[1355751830.77] Getting inserted ID for 'wp_postmeta' ('post_id') : SELECT CURRVAL('wp_postmeta_seq') => 106
[1355751830.88] Getting inserted ID for 'wp_postmeta' ('post_id') : SELECT CURRVAL('wp_postmeta_seq') => 107
[1355751831.37] Getting inserted ID for 'wp_posts' ('post_author') : SELECT CURRVAL('wp_posts_seq') => 206
[1355751831.37] Getting inserted ID for 'wp_postmeta' ('post_id') : SELECT CURRVAL('wp_postmeta_seq') => 108
[1355751831.46] Getting inserted ID for 'wp_postmeta' ('post_id') : SELECT CURRVAL('wp_postmeta_seq') => 109
[1355751831.97] Getting inserted ID for 'wp_posts' ('post_author') : SELECT CURRVAL('wp_posts_seq') => 207
[1355751831.98] Getting inserted ID for 'wp_postmeta' ('post_id') : SELECT CURRVAL('wp_postmeta_seq') => 110
[1355751832.13] Getting inserted ID for 'wp_postmeta' ('post_id') : SELECT CURRVAL('wp_postmeta_seq') => 111
[1355751832.6] Getting inserted ID for 'wp_posts' ('post_author') : SELECT CURRVAL('wp_posts_seq') => 208
[1355751832.6] Getting inserted ID for 'wp_postmeta' ('post_id') : SELECT CURRVAL('wp_postmeta_seq') => 112
[1355751832.73] Getting inserted ID for 'wp_postmeta' ('post_id') : SELECT CURRVAL('wp_postmeta_seq') => 113
[1355751833.22] Getting inserted ID for 'wp_posts' ('post_author') : SELECT CURRVAL('wp_posts_seq') => 209
[1355751833.22] Getting inserted ID for 'wp_postmeta' ('post_id') : SELECT CURRVAL('wp_postmeta_seq') => 114
[1355751833.36] Getting inserted ID for 'wp_postmeta' ('post_id') : SELECT CURRVAL('wp_postmeta_seq') => 115
[1355751833.86] Getting inserted ID for 'wp_posts' ('post_author') : SELECT CURRVAL('wp_posts_seq') => 210
[1355751833.86] Getting inserted ID for 'wp_postmeta' ('post_id') : SELECT CURRVAL('wp_postmeta_seq') => 116
[1355751834.01] Getting inserted ID for 'wp_postmeta' ('post_id') : SELECT CURRVAL('wp_postmeta_seq') => 117
[1355751834.52] Getting inserted ID for 'wp_posts' ('post_author') : SELECT CURRVAL('wp_posts_seq') => 211
[1355751834.52] Getting inserted ID for 'wp_postmeta' ('post_id') : SELECT CURRVAL('wp_postmeta_seq') => 118
[1355751834.61] Getting inserted ID for 'wp_postmeta' ('post_id') : SELECT CURRVAL('wp_postmeta_seq') => 119
[1355751835.1] Getting inserted ID for 'wp_posts' ('post_author') : SELECT CURRVAL('wp_posts_seq') => 212
[1355751835.11] Getting inserted ID for 'wp_postmeta' ('post_id') : SELECT CURRVAL('wp_postmeta_seq') => 120
[1355751835.2] Getting inserted ID for 'wp_postmeta' ('post_id') : SELECT CURRVAL('wp_postmeta_seq') => 121
[1355751835.66] Getting inserted ID for 'wp_posts' ('post_author') : SELECT CURRVAL('wp_posts_seq') => 213
[1355751835.67] Getting inserted ID for 'wp_postmeta' ('post_id') : SELECT CURRVAL('wp_postmeta_seq') => 122
[1355751835.8] Getting inserted ID for 'wp_postmeta' ('post_id') : SELECT CURRVAL('wp_postmeta_seq') => 123
[1355751836.29] Getting inserted ID for 'wp_posts' ('post_author') : SELECT CURRVAL('wp_posts_seq') => 214
[1355751836.29] Getting inserted ID for 'wp_postmeta' ('post_id') : SELECT CURRVAL('wp_postmeta_seq') => 124
[1355751836.43] Getting inserted ID for 'wp_postmeta' ('post_id') : SELECT CURRVAL('wp_postmeta_seq') => 125
[1355751836.94] Getting inserted ID for 'wp_posts' ('post_author') : SELECT CURRVAL('wp_posts_seq') => 215
[1355751836.95] Getting inserted ID for 'wp_postmeta' ('post_id') : SELECT CURRVAL('wp_postmeta_seq') => 126
[1355751837.09] Getting inserted ID for 'wp_postmeta' ('post_id') : SELECT CURRVAL('wp_postmeta_seq') => 127
[1355751837.57] Getting inserted ID for 'wp_posts' ('post_author') : SELECT CURRVAL('wp_posts_seq') => 216
[1355751837.57] Getting inserted ID for 'wp_postmeta' ('post_id') : SELECT CURRVAL('wp_postmeta_seq') => 128
[1355751837.71] Getting inserted ID for 'wp_postmeta' ('post_id') : SELECT CURRVAL('wp_postmeta_seq') => 129
[1355751838.12] Getting inserted ID for 'wp_posts' ('post_author') : SELECT CURRVAL('wp_posts_seq') => 217
[1355751838.12] Getting inserted ID for 'wp_postmeta' ('post_id') : SELECT CURRVAL('wp_postmeta_seq') => 130
[1355751838.22] Getting inserted ID for 'wp_postmeta' ('post_id') : SELECT CURRVAL('wp_postmeta_seq') => 131
[1355751838.63] Getting inserted ID for 'wp_posts' ('post_author') : SELECT CURRVAL('wp_posts_seq') => 218
[1355751838.64] Getting inserted ID for 'wp_postmeta' ('post_id') : SELECT CURRVAL('wp_postmeta_seq') => 132
[1355751838.75] Getting inserted ID for 'wp_postmeta' ('post_id') : SELECT CURRVAL('wp_postmeta_seq') => 133
[1355751839.21] Getting inserted ID for 'wp_posts' ('post_author') : SELECT CURRVAL('wp_posts_seq') => 219
[1355751839.22] Getting inserted ID for 'wp_postmeta' ('post_id') : SELECT CURRVAL('wp_postmeta_seq') => 134
[1355751839.32] Getting inserted ID for 'wp_postmeta' ('post_id') : SELECT CURRVAL('wp_postmeta_seq') => 135
[1355751839.74] Getting inserted ID for 'wp_posts' ('post_author') : SELECT CURRVAL('wp_posts_seq') => 220
[1355751839.75] Getting inserted ID for 'wp_postmeta' ('post_id') : SELECT CURRVAL('wp_postmeta_seq') => 136
[1355751839.87] Getting inserted ID for 'wp_postmeta' ('post_id') : SELECT CURRVAL('wp_postmeta_seq') => 137
[1355751840.34] Getting inserted ID for 'wp_posts' ('post_author') : SELECT CURRVAL('wp_posts_seq') => 221
[1355751840.34] Getting inserted ID for 'wp_postmeta' ('post_id') : SELECT CURRVAL('wp_postmeta_seq') => 138
[1355751840.45] Getting inserted ID for 'wp_postmeta' ('post_id') : SELECT CURRVAL('wp_postmeta_seq') => 139
[1355751840.92] Getting inserted ID for 'wp_posts' ('post_author') : SELECT CURRVAL('wp_posts_seq') => 222
[1355751840.92] Getting inserted ID for 'wp_postmeta' ('post_id') : SELECT CURRVAL('wp_postmeta_seq') => 140
[1355751841.04] Getting inserted ID for 'wp_postmeta' ('post_id') : SELECT CURRVAL('wp_postmeta_seq') => 141
[1355751841.54] Getting inserted ID for 'wp_posts' ('post_author') : SELECT CURRVAL('wp_posts_seq') => 223
[1355751841.55] Getting inserted ID for 'wp_postmeta' ('post_id') : SELECT CURRVAL('wp_postmeta_seq') => 142
[1355751841.66] Getting inserted ID for 'wp_postmeta' ('post_id') : SELECT CURRVAL('wp_postmeta_seq') => 143
[1355751842.15] Getting inserted ID for 'wp_posts' ('post_author') : SELECT CURRVAL('wp_posts_seq') => 224
[1355751842.15] Getting inserted ID for 'wp_postmeta' ('post_id') : SELECT CURRVAL('wp_postmeta_seq') => 144
[1355751842.26] Getting inserted ID for 'wp_postmeta' ('post_id') : SELECT CURRVAL('wp_postmeta_seq') => 145
[1355751842.68] Getting inserted ID for 'wp_posts' ('post_author') : SELECT CURRVAL('wp_posts_seq') => 225
[1355751842.68] Getting inserted ID for 'wp_postmeta' ('post_id') : SELECT CURRVAL('wp_postmeta_seq') => 146
[1355751842.79] Getting inserted ID for 'wp_postmeta' ('post_id') : SELECT CURRVAL('wp_postmeta_seq') => 147
[1355751843.3] Getting inserted ID for 'wp_posts' ('post_author') : SELECT CURRVAL('wp_posts_seq') => 226
[1355751843.31] Getting inserted ID for 'wp_postmeta' ('post_id') : SELECT CURRVAL('wp_postmeta_seq') => 148
[1355751843.45] Getting inserted ID for 'wp_postmeta' ('post_id') : SELECT CURRVAL('wp_postmeta_seq') => 149
[1355751843.88] Getting inserted ID for 'wp_posts' ('post_author') : SELECT CURRVAL('wp_posts_seq') => 227
[1355751843.89] Getting inserted ID for 'wp_postmeta' ('post_id') : SELECT CURRVAL('wp_postmeta_seq') => 150
[1355751843.97] Getting inserted ID for 'wp_postmeta' ('post_id') : SELECT CURRVAL('wp_postmeta_seq') => 151
[1355751844.42] Getting inserted ID for 'wp_posts' ('post_author') : SELECT CURRVAL('wp_posts_seq') => 228
[1355751844.42] Getting inserted ID for 'wp_postmeta' ('post_id') : SELECT CURRVAL('wp_postmeta_seq') => 152
[1355751844.56] Getting inserted ID for 'wp_postmeta' ('post_id') : SELECT CURRVAL('wp_postmeta_seq') => 153
[1355751845.06] Getting inserted ID for 'wp_posts' ('post_author') : SELECT CURRVAL('wp_posts_seq') => 229
[1355751845.06] Getting inserted ID for 'wp_postmeta' ('post_id') : SELECT CURRVAL('wp_postmeta_seq') => 154
[1355751845.2] Getting inserted ID for 'wp_postmeta' ('post_id') : SELECT CURRVAL('wp_postmeta_seq') => 155
[1355751845.61] Getting inserted ID for 'wp_posts' ('post_author') : SELECT CURRVAL('wp_posts_seq') => 230
[1355751845.61] Getting inserted ID for 'wp_postmeta' ('post_id') : SELECT CURRVAL('wp_postmeta_seq') => 156
[1355751845.74] Getting inserted ID for 'wp_postmeta' ('post_id') : SELECT CURRVAL('wp_postmeta_seq') => 157
[1355751846.13] Getting inserted ID for 'wp_posts' ('post_author') : SELECT CURRVAL('wp_posts_seq') => 231
[1355751846.13] Getting inserted ID for 'wp_postmeta' ('post_id') : SELECT CURRVAL('wp_postmeta_seq') => 158
[1355751846.26] Getting inserted ID for 'wp_postmeta' ('post_id') : SELECT CURRVAL('wp_postmeta_seq') => 159
[1355751846.67] Getting inserted ID for 'wp_posts' ('post_author') : SELECT CURRVAL('wp_posts_seq') => 232
[1355751846.68] Getting inserted ID for 'wp_postmeta' ('post_id') : SELECT CURRVAL('wp_postmeta_seq') => 160
[1355751846.78] Getting inserted ID for 'wp_postmeta' ('post_id') : SELECT CURRVAL('wp_postmeta_seq') => 161
[1355751847.28] Getting inserted ID for 'wp_posts' ('post_author') : SELECT CURRVAL('wp_posts_seq') => 233
[1355751847.28] Getting inserted ID for 'wp_postmeta' ('post_id') : SELECT CURRVAL('wp_postmeta_seq') => 162
[1355751847.43] Getting inserted ID for 'wp_postmeta' ('post_id') : SELECT CURRVAL('wp_postmeta_seq') => 163
[1355751847.91] Getting inserted ID for 'wp_posts' ('post_author') : SELECT CURRVAL('wp_posts_seq') => 234
[1355751847.92] Getting inserted ID for 'wp_postmeta' ('post_id') : SELECT CURRVAL('wp_postmeta_seq') => 164
[1355751848] Getting inserted ID for 'wp_postmeta' ('post_id') : SELECT CURRVAL('wp_postmeta_seq') => 165
[1355751848.41] Getting inserted ID for 'wp_posts' ('post_author') : SELECT CURRVAL('wp_posts_seq') => 235
[1355751848.41] Getting inserted ID for 'wp_postmeta' ('post_id') : SELECT CURRVAL('wp_postmeta_seq') => 166
[1355751848.5] Getting inserted ID for 'wp_postmeta' ('post_id') : SELECT CURRVAL('wp_postmeta_seq') => 167
[1355751848.96] Getting inserted ID for 'wp_posts' ('post_author') : SELECT CURRVAL('wp_posts_seq') => 236
[1355751848.97] Getting inserted ID for 'wp_postmeta' ('post_id') : SELECT CURRVAL('wp_postmeta_seq') => 168
[1355751849.12] Getting inserted ID for 'wp_postmeta' ('post_id') : SELECT CURRVAL('wp_postmeta_seq') => 169
[1355751849.6] Getting inserted ID for 'wp_posts' ('post_author') : SELECT CURRVAL('wp_posts_seq') => 237
[1355751849.61] Getting inserted ID for 'wp_postmeta' ('post_id') : SELECT CURRVAL('wp_postmeta_seq') => 170
[1355751849.76] Getting inserted ID for 'wp_postmeta' ('post_id') : SELECT CURRVAL('wp_postmeta_seq') => 171
[1355751850.28] Getting inserted ID for 'wp_posts' ('post_author') : SELECT CURRVAL('wp_posts_seq') => 238
[1355751850.28] Getting inserted ID for 'wp_postmeta' ('post_id') : SELECT CURRVAL('wp_postmeta_seq') => 172
[1355751850.43] Getting inserted ID for 'wp_postmeta' ('post_id') : SELECT CURRVAL('wp_postmeta_seq') => 173
[1355751850.91] Getting inserted ID for 'wp_posts' ('post_author') : SELECT CURRVAL('wp_posts_seq') => 239
[1355751850.91] Getting inserted ID for 'wp_postmeta' ('post_id') : SELECT CURRVAL('wp_postmeta_seq') => 174
[1355751851.06] Getting inserted ID for 'wp_postmeta' ('post_id') : SELECT CURRVAL('wp_postmeta_seq') => 175
[1355751851.48] Getting inserted ID for 'wp_posts' ('post_author') : SELECT CURRVAL('wp_posts_seq') => 240
[1355751851.49] Getting inserted ID for 'wp_postmeta' ('post_id') : SELECT CURRVAL('wp_postmeta_seq') => 176
[1355751851.63] Getting inserted ID for 'wp_postmeta' ('post_id') : SELECT CURRVAL('wp_postmeta_seq') => 177
[1355751852.06] Getting inserted ID for 'wp_posts' ('post_author') : SELECT CURRVAL('wp_posts_seq') => 241
[1355751852.07] Getting inserted ID for 'wp_postmeta' ('post_id') : SELECT CURRVAL('wp_postmeta_seq') => 178
[1355751852.2] Getting inserted ID for 'wp_postmeta' ('post_id') : SELECT CURRVAL('wp_postmeta_seq') => 179
[1355751852.61] Getting inserted ID for 'wp_posts' ('post_author') : SELECT CURRVAL('wp_posts_seq') => 242
[1355751852.62] Getting inserted ID for 'wp_postmeta' ('post_id') : SELECT CURRVAL('wp_postmeta_seq') => 180
[1355751852.75] Getting inserted ID for 'wp_postmeta' ('post_id') : SELECT CURRVAL('wp_postmeta_seq') => 181
[1355751853.15] Getting inserted ID for 'wp_posts' ('post_author') : SELECT CURRVAL('wp_posts_seq') => 243
[1355751853.16] Getting inserted ID for 'wp_postmeta' ('post_id') : SELECT CURRVAL('wp_postmeta_seq') => 182
[1355751853.32] Getting inserted ID for 'wp_postmeta' ('post_id') : SELECT CURRVAL('wp_postmeta_seq') => 183
[1355751853.84] Getting inserted ID for 'wp_posts' ('post_author') : SELECT CURRVAL('wp_posts_seq') => 244
[1355751853.84] Getting inserted ID for 'wp_postmeta' ('post_id') : SELECT CURRVAL('wp_postmeta_seq') => 184
[1355751853.98] Getting inserted ID for 'wp_postmeta' ('post_id') : SELECT CURRVAL('wp_postmeta_seq') => 185
[1355751871.66] Getting inserted ID for 'wp_posts' ('post_author') : SELECT CURRVAL('wp_posts_seq') => 245
[1355751901.2] Getting inserted ID for 'wp_options' ('option_name') : SELECT CURRVAL('wp_options_seq') => 486
[1355751901.72] Getting inserted ID for 'wp_options' ('option_name') : SELECT CURRVAL('wp_options_seq') => 487
[1355751902.45] Getting inserted ID for 'wp_options' ('option_name') : SELECT CURRVAL('wp_options_seq') => 488
[1355751902.8] Getting inserted ID for 'wp_options' ('option_name') : SELECT CURRVAL('wp_options_seq') => 489
[1355751903.88] Getting inserted ID for 'wp_options' ('option_name') : SELECT CURRVAL('wp_options_seq') => 490
[1355751904.61] Getting inserted ID for 'wp_options' ('option_name') : SELECT CURRVAL('wp_options_seq') => 491
[1355751926.53] Getting inserted ID for 'wp_posts' ('post_author') : SELECT CURRVAL('wp_posts_seq') => 246
[1355751929.92] Getting inserted ID for 'wp_options' ('option_name') : SELECT CURRVAL('wp_options_seq') => 492
[1355751939.93] Getting inserted ID for 'wp_posts' ('post_author') : SELECT CURRVAL('wp_posts_seq') => 247
[1355751944.46] Getting inserted ID for 'wp_options' ('option_name') : SELECT CURRVAL('wp_options_seq') => 493
[1355751945.18] Getting inserted ID for 'wp_options' ('option_name') : SELECT CURRVAL('wp_options_seq') => 494
[1355751953.95] Getting inserted ID for 'wp_options' ('option_name') : SELECT CURRVAL('wp_options_seq') => 495
[1355751974.33] Getting inserted ID for 'wp_options' ('option_name') : SELECT CURRVAL('wp_options_seq') => 496
[1355752058.17] Getting inserted ID for 'wp_posts' ('post_author') : SELECT CURRVAL('wp_posts_seq') => 248
[1355752060.82] Getting inserted ID for 'wp_options' ('option_name') : SELECT CURRVAL('wp_options_seq') => 497
[1355752072.29] Getting inserted ID for 'wp_posts' ('post_author') : SELECT CURRVAL('wp_posts_seq') => 249
[1355752074.48] Getting inserted ID for 'wp_options' ('option_name') : SELECT CURRVAL('wp_options_seq') => 498
[1355752075.24] Getting inserted ID for 'wp_options' ('option_name') : SELECT CURRVAL('wp_options_seq') => 499
[1355752092.78] Getting inserted ID for 'wp_options' ('option_name') : SELECT CURRVAL('wp_options_seq') => 500
[1355752093.22] Getting inserted ID for 'wp_options' ('option_name') : SELECT CURRVAL('wp_options_seq') => 501
[1355752093.63] Getting inserted ID for 'wp_options' ('option_name') : SELECT CURRVAL('wp_options_seq') => 502
[1355752094.26] Getting inserted ID for 'wp_options' ('option_name') : SELECT CURRVAL('wp_options_seq') => 503
[1355752094.61] Getting inserted ID for 'wp_options' ('option_name') : SELECT CURRVAL('wp_options_seq') => 504
[1355752341.32] Getting inserted ID for 'wp_options' ('option_name') : SELECT CURRVAL('wp_options_seq') => 505
[1355752438.47] Getting inserted ID for 'wp_postmeta' ('post_id') : SELECT CURRVAL('wp_postmeta_seq') => 186
[1355752439.4] Getting inserted ID for 'wp_options' ('option_name') : SELECT CURRVAL('wp_options_seq') => 506
[1355752444.43] Getting inserted ID for 'wp_options' ('option_name') : SELECT CURRVAL('wp_options_seq') => 507
[1355752445.07] Getting inserted ID for 'wp_options' ('option_name') : SELECT CURRVAL('wp_options_seq') => 508
[1355752445.37] Getting inserted ID for 'wp_options' ('option_name') : SELECT CURRVAL('wp_options_seq') => 509
[1355752463.67] Getting inserted ID for 'wp_options' ('option_name') : SELECT CURRVAL('wp_options_seq') => 510
[1355752482.11] Getting inserted ID for 'wp_posts' ('post_author') : SELECT CURRVAL('wp_posts_seq') => 250
[1355752487.27] Getting inserted ID for 'wp_options' ('option_name') : SELECT CURRVAL('wp_options_seq') => 511
[1355752487.86] Getting inserted ID for 'wp_options' ('option_name') : SELECT CURRVAL('wp_options_seq') => 512
[1355752488.2] Getting inserted ID for 'wp_options' ('option_name') : SELECT CURRVAL('wp_options_seq') => 513
[1355752512.33] Getting inserted ID for 'wp_options' ('option_name') : SELECT CURRVAL('wp_options_seq') => 514
[1355752512.8] Getting inserted ID for 'wp_posts' ('post_author') : SELECT CURRVAL('wp_posts_seq') => 251
[1355752517.78] Getting inserted ID for 'wp_options' ('option_name') : SELECT CURRVAL('wp_options_seq') => 515
[1355752518.29] Getting inserted ID for 'wp_options' ('option_name') : SELECT CURRVAL('wp_options_seq') => 516
[1355752518.57] Getting inserted ID for 'wp_options' ('option_name') : SELECT CURRVAL('wp_options_seq') => 517
[1355752553.75] Getting inserted ID for 'wp_options' ('option_name') : SELECT CURRVAL('wp_options_seq') => 518
[1355753469.59] Getting inserted ID for 'wp_options' ('option_name') : SELECT CURRVAL('wp_options_seq') => 519
[1355753474.35] Getting inserted ID for 'wp_options' ('option_name') : SELECT CURRVAL('wp_options_seq') => 520
[1355753475.48] Getting inserted ID for 'wp_options' ('option_name') : SELECT CURRVAL('wp_options_seq') => 521
[1355753475.84] Getting inserted ID for 'wp_options' ('option_name') : SELECT CURRVAL('wp_options_seq') => 522
[1355753495.27] Getting inserted ID for 'wp_options' ('option_name') : SELECT CURRVAL('wp_options_seq') => 523
[1355753496.34] Getting inserted ID for 'wp_options' ('option_name') : SELECT CURRVAL('wp_options_seq') => 524
[1355753496.69] Getting inserted ID for 'wp_options' ('option_name') : SELECT CURRVAL('wp_options_seq') => 525
[1355753505.94] Getting inserted ID for 'wp_options' ('option_name') : SELECT CURRVAL('wp_options_seq') => 526
[1355753506.63] Getting inserted ID for 'wp_options' ('option_name') : SELECT CURRVAL('wp_options_seq') => 527
[1355753506.99] Getting inserted ID for 'wp_options' ('option_name') : SELECT CURRVAL('wp_options_seq') => 528
[1355755819.14] Getting inserted ID for 'wp_options' ('option_name') : SELECT CURRVAL('wp_options_seq') => 529
[1355755819.98] Getting inserted ID for 'wp_options' ('option_name') : SELECT CURRVAL('wp_options_seq') => 530
[1355755820.26] Getting inserted ID for 'wp_options' ('option_name') : SELECT CURRVAL('wp_options_seq') => 531
[1355755830.06] Getting inserted ID for 'wp_options' ('option_name') : SELECT CURRVAL('wp_options_seq') => 532
[1355755830.62] Getting inserted ID for 'wp_options' ('option_name') : SELECT CURRVAL('wp_options_seq') => 533
[1355755830.97] Getting inserted ID for 'wp_options' ('option_name') : SELECT CURRVAL('wp_options_seq') => 534
[1355772282.56] Getting inserted ID for 'wp_options' ('option_name') : SELECT CURRVAL('wp_options_seq') => 535
[1355772304.83] Getting inserted ID for 'wp_options' ('option_name') : SELECT CURRVAL('wp_options_seq') => 536
[1355772517.18] Getting inserted ID for 'wp_options' ('option_name') : SELECT CURRVAL('wp_options_seq') => 537
[1355773798.81] Getting inserted ID for 'wp_options' ('option_name') : SELECT CURRVAL('wp_options_seq') => 538
[1355773829.6] Getting inserted ID for 'wp_options' ('option_name') : SELECT CURRVAL('wp_options_seq') => 539
[1355773829.6] Getting inserted ID for 'wp_options' ('option_name') : SELECT CURRVAL('wp_options_seq') => 540
[1355773830.09] Getting inserted ID for 'wp_options' ('option_name') : SELECT CURRVAL('wp_options_seq') => 541
[1355773830.1] Getting inserted ID for 'wp_options' ('option_name') : SELECT CURRVAL('wp_options_seq') => 542
[1355773846.18] Getting inserted ID for 'wp_options' ('option_name') : SELECT CURRVAL('wp_options_seq') => 543
[1355773885] Getting inserted ID for 'wp_options' ('option_name') : SELECT CURRVAL('wp_options_seq') => 544
[1355773885] Getting inserted ID for 'wp_options' ('option_name') : SELECT CURRVAL('wp_options_seq') => 545
[1355773886.82] Getting inserted ID for 'wp_options' ('option_name') : SELECT CURRVAL('wp_options_seq') => 546
[1355773904.87] Getting inserted ID for 'wp_options' ('option_name') : SELECT CURRVAL('wp_options_seq') => 547
[1355773904.87] Getting inserted ID for 'wp_options' ('option_name') : SELECT CURRVAL('wp_options_seq') => 548
[1355773906.85] Getting inserted ID for 'wp_options' ('option_name') : SELECT CURRVAL('wp_options_seq') => 549
[1355773967.31] Getting inserted ID for 'wp_options' ('option_name') : SELECT CURRVAL('wp_options_seq') => 550
[1355773968.17] Getting inserted ID for 'wp_options' ('option_name') : SELECT CURRVAL('wp_options_seq') => 551
[1355773968.17] Getting inserted ID for 'wp_options' ('option_name') : SELECT CURRVAL('wp_options_seq') => 552
[1355774008.92] Getting inserted ID for 'wp_options' ('option_name') : SELECT CURRVAL('wp_options_seq') => 553
[1355774246.5] Getting inserted ID for 'wp_options' ('option_name') : SELECT CURRVAL('wp_options_seq') => 554
[1355774316.13] Getting inserted ID for 'wp_options' ('option_name') : SELECT CURRVAL('wp_options_seq') => 555
[1355775160.32] Getting inserted ID for 'wp_posts' ('post_author') : SELECT CURRVAL('wp_posts_seq') => 252
[1355775160.33] Getting inserted ID for 'wp_postmeta' ('post_id') : SELECT CURRVAL('wp_postmeta_seq') => 187
[1355775193.16] Getting inserted ID for 'wp_options' ('option_name') : SELECT CURRVAL('wp_options_seq') => 556
[1355775193.16] Getting inserted ID for 'wp_options' ('option_name') : SELECT CURRVAL('wp_options_seq') => 557
[1355775193.53] Getting inserted ID for 'wp_options' ('option_name') : SELECT CURRVAL('wp_options_seq') => 558
[1355775193.63] Getting inserted ID for 'wp_options' ('option_name') : SELECT CURRVAL('wp_options_seq') => 559
[1355775209.17] Getting inserted ID for 'wp_options' ('option_name') : SELECT CURRVAL('wp_options_seq') => 560
[1355775209.63] Getting inserted ID for 'wp_options' ('option_name') : SELECT CURRVAL('wp_options_seq') => 561
[1355775212.14] Getting inserted ID for 'wp_options' ('option_name') : SELECT CURRVAL('wp_options_seq') => 562
[1355775212.15] Getting inserted ID for 'wp_options' ('option_name') : SELECT CURRVAL('wp_options_seq') => 563
[1355775221.19] Getting inserted ID for 'wp_options' ('option_name') : SELECT CURRVAL('wp_options_seq') => 564
[1355775221.22] Getting inserted ID for 'wp_postmeta' ('post_id') : SELECT CURRVAL('wp_postmeta_seq') => 188
[1355775221.26] Getting inserted ID for 'wp_postmeta' ('post_id') : SELECT CURRVAL('wp_postmeta_seq') => 189
[1355775281.17] Getting inserted ID for 'wp_options' ('option_name') : SELECT CURRVAL('wp_options_seq') => 565
[1355775341.17] Getting inserted ID for 'wp_options' ('option_name') : SELECT CURRVAL('wp_options_seq') => 566
[1355775345.02] Getting inserted ID for 'wp_posts' ('post_author') : SELECT CURRVAL('wp_posts_seq') => 253
[1355775345.03] Getting inserted ID for 'wp_postmeta' ('post_id') : SELECT CURRVAL('wp_postmeta_seq') => 190
[1355775345.03] Getting inserted ID for 'wp_postmeta' ('post_id') : SELECT CURRVAL('wp_postmeta_seq') => 191
[1355775345.04] Getting inserted ID for 'wp_postmeta' ('post_id') : SELECT CURRVAL('wp_postmeta_seq') => 192
[1355775345.05] Getting inserted ID for 'wp_postmeta' ('post_id') : SELECT CURRVAL('wp_postmeta_seq') => 193
[1355775345.08] Getting inserted ID for 'wp_postmeta' ('post_id') : SELECT CURRVAL('wp_postmeta_seq') => 194
[1355775345.08] Getting inserted ID for 'wp_postmeta' ('post_id') : SELECT CURRVAL('wp_postmeta_seq') => 195
[1355775345.08] Getting inserted ID for 'wp_postmeta' ('post_id') : SELECT CURRVAL('wp_postmeta_seq') => 196
[1355775345.09] Getting inserted ID for 'wp_postmeta' ('post_id') : SELECT CURRVAL('wp_postmeta_seq') => 197
[1355775345.09] Getting inserted ID for 'wp_postmeta' ('post_id') : SELECT CURRVAL('wp_postmeta_seq') => 198
[1355775345.09] Getting inserted ID for 'wp_postmeta' ('post_id') : SELECT CURRVAL('wp_postmeta_seq') => 199
[1355775346.8] Getting inserted ID for 'wp_options' ('option_name') : SELECT CURRVAL('wp_options_seq') => 567
[1355775346.81] Getting inserted ID for 'wp_options' ('option_name') : SELECT CURRVAL('wp_options_seq') => 568
[1355775363.34] Getting inserted ID for 'wp_options' ('option_name') : SELECT CURRVAL('wp_options_seq') => 569
[1355775363.75] Getting inserted ID for 'wp_options' ('option_name') : SELECT CURRVAL('wp_options_seq') => 570
[1355775364.54] Getting inserted ID for 'wp_options' ('option_name') : SELECT CURRVAL('wp_options_seq') => 571
[1355775364.82] Getting inserted ID for 'wp_options' ('option_name') : SELECT CURRVAL('wp_options_seq') => 572
[1355775383.46] Getting inserted ID for 'wp_options' ('option_name') : SELECT CURRVAL('wp_options_seq') => 573
[1355775406.27] Getting inserted ID for 'wp_options' ('option_name') : SELECT CURRVAL('wp_options_seq') => 574
[1355775406.32] Getting inserted ID for 'wp_posts' ('post_author') : SELECT CURRVAL('wp_posts_seq') => 254
[1355775426.59] Getting inserted ID for 'wp_options' ('option_name') : SELECT CURRVAL('wp_options_seq') => 575
[1355775436.28] Getting inserted ID for 'wp_options' ('option_name') : SELECT CURRVAL('wp_options_seq') => 576
[1355775436.3] Getting inserted ID for 'wp_options' ('option_name') : SELECT CURRVAL('wp_options_seq') => 577
[1355775467.86] Getting inserted ID for 'wp_options' ('option_name') : SELECT CURRVAL('wp_options_seq') => 578
[1355775475] Getting inserted ID for 'wp_options' ('option_name') : SELECT CURRVAL('wp_options_seq') => 579
[1355775475.01] Getting inserted ID for 'wp_options' ('option_name') : SELECT CURRVAL('wp_options_seq') => 580
[1355775475.01] Getting inserted ID for 'wp_options' ('option_name') : SELECT CURRVAL('wp_options_seq') => 581
[1355775480.86] Getting inserted ID for 'wp_options' ('option_name') : SELECT CURRVAL('wp_options_seq') => 582
[1355775481.28] Getting inserted ID for 'wp_options' ('option_name') : SELECT CURRVAL('wp_options_seq') => 583
[1355775481.36] Getting inserted ID for 'wp_options' ('option_name') : SELECT CURRVAL('wp_options_seq') => 584
[1355775501.9] Getting inserted ID for 'wp_options' ('option_name') : SELECT CURRVAL('wp_options_seq') => 585
[1355775541.78] Getting inserted ID for 'wp_posts' ('post_author') : SELECT CURRVAL('wp_posts_seq') => 255
[1355775541.79] Getting inserted ID for 'wp_postmeta' ('post_id') : SELECT CURRVAL('wp_postmeta_seq') => 200
[1355775541.79] Getting inserted ID for 'wp_postmeta' ('post_id') : SELECT CURRVAL('wp_postmeta_seq') => 201
[1355775541.8] Getting inserted ID for 'wp_postmeta' ('post_id') : SELECT CURRVAL('wp_postmeta_seq') => 202
[1355775541.85] Getting inserted ID for 'wp_postmeta' ('post_id') : SELECT CURRVAL('wp_postmeta_seq') => 203
[1355775541.85] Getting inserted ID for 'wp_postmeta' ('post_id') : SELECT CURRVAL('wp_postmeta_seq') => 204
[1355775541.85] Getting inserted ID for 'wp_postmeta' ('post_id') : SELECT CURRVAL('wp_postmeta_seq') => 205
[1355775541.86] Getting inserted ID for 'wp_postmeta' ('post_id') : SELECT CURRVAL('wp_postmeta_seq') => 206
[1355775541.86] Getting inserted ID for 'wp_postmeta' ('post_id') : SELECT CURRVAL('wp_postmeta_seq') => 207
[1355775541.86] Getting inserted ID for 'wp_postmeta' ('post_id') : SELECT CURRVAL('wp_postmeta_seq') => 208
[1355775544.51] Getting inserted ID for 'wp_options' ('option_name') : SELECT CURRVAL('wp_options_seq') => 586
[1355775544.91] Getting inserted ID for 'wp_options' ('option_name') : SELECT CURRVAL('wp_options_seq') => 587
[1355775544.99] Getting inserted ID for 'wp_options' ('option_name') : SELECT CURRVAL('wp_options_seq') => 588
[1355775577.68] Getting inserted ID for 'wp_options' ('option_name') : SELECT CURRVAL('wp_options_seq') => 589
[1355775578.19] Getting inserted ID for 'wp_posts' ('post_author') : SELECT CURRVAL('wp_posts_seq') => 256
[1355775578.2] Getting inserted ID for 'wp_postmeta' ('post_id') : SELECT CURRVAL('wp_postmeta_seq') => 209
[1355775578.2] Getting inserted ID for 'wp_postmeta' ('post_id') : SELECT CURRVAL('wp_postmeta_seq') => 210
[1355775578.21] Getting inserted ID for 'wp_postmeta' ('post_id') : SELECT CURRVAL('wp_postmeta_seq') => 211
[1355775578.26] Getting inserted ID for 'wp_postmeta' ('post_id') : SELECT CURRVAL('wp_postmeta_seq') => 212
[1355775578.26] Getting inserted ID for 'wp_postmeta' ('post_id') : SELECT CURRVAL('wp_postmeta_seq') => 213
[1355775578.26] Getting inserted ID for 'wp_postmeta' ('post_id') : SELECT CURRVAL('wp_postmeta_seq') => 214
[1355775578.27] Getting inserted ID for 'wp_postmeta' ('post_id') : SELECT CURRVAL('wp_postmeta_seq') => 215
[1355775578.27] Getting inserted ID for 'wp_postmeta' ('post_id') : SELECT CURRVAL('wp_postmeta_seq') => 216
[1355775578.27] Getting inserted ID for 'wp_postmeta' ('post_id') : SELECT CURRVAL('wp_postmeta_seq') => 217
[1355775580.01] Getting inserted ID for 'wp_options' ('option_name') : SELECT CURRVAL('wp_options_seq') => 590
[1355775580.48] Getting inserted ID for 'wp_options' ('option_name') : SELECT CURRVAL('wp_options_seq') => 591
[1355775580.57] Getting inserted ID for 'wp_options' ('option_name') : SELECT CURRVAL('wp_options_seq') => 592
[1355775639.21] Getting inserted ID for 'wp_options' ('option_name') : SELECT CURRVAL('wp_options_seq') => 593
[1355775682.71] Getting inserted ID for 'wp_options' ('option_name') : SELECT CURRVAL('wp_options_seq') => 594
[1355775683.2] Getting inserted ID for 'wp_options' ('option_name') : SELECT CURRVAL('wp_options_seq') => 595
[1355775807.24] Getting inserted ID for 'wp_options' ('option_name') : SELECT CURRVAL('wp_options_seq') => 596
[1355775807.69] Getting inserted ID for 'wp_options' ('option_name') : SELECT CURRVAL('wp_options_seq') => 597
[1355775951.73] Getting inserted ID for 'wp_options' ('option_name') : SELECT CURRVAL('wp_options_seq') => 598
[1355775952.16] Getting inserted ID for 'wp_options' ('option_name') : SELECT CURRVAL('wp_options_seq') => 599
[1355775968.55] Getting inserted ID for 'wp_options' ('option_name') : SELECT CURRVAL('wp_options_seq') => 600
[1355775968.97] Getting inserted ID for 'wp_options' ('option_name') : SELECT CURRVAL('wp_options_seq') => 601
[1355775975.24] Getting inserted ID for 'wp_options' ('option_name') : SELECT CURRVAL('wp_options_seq') => 602
[1355775975.7] Getting inserted ID for 'wp_options' ('option_name') : SELECT CURRVAL('wp_options_seq') => 603
[1355776003.47] Getting inserted ID for 'wp_options' ('option_name') : SELECT CURRVAL('wp_options_seq') => 604
[1355776077.69] Getting inserted ID for 'wp_posts' ('post_author') : SELECT CURRVAL('wp_posts_seq') => 257
[1355776077.71] Getting inserted ID for 'wp_postmeta' ('post_id') : SELECT CURRVAL('wp_postmeta_seq') => 218
[1355776077.71] Getting inserted ID for 'wp_postmeta' ('post_id') : SELECT CURRVAL('wp_postmeta_seq') => 219
[1355776077.71] Getting inserted ID for 'wp_postmeta' ('post_id') : SELECT CURRVAL('wp_postmeta_seq') => 220
[1355776077.76] Getting inserted ID for 'wp_postmeta' ('post_id') : SELECT CURRVAL('wp_postmeta_seq') => 221
[1355776077.76] Getting inserted ID for 'wp_postmeta' ('post_id') : SELECT CURRVAL('wp_postmeta_seq') => 222
[1355776077.76] Getting inserted ID for 'wp_postmeta' ('post_id') : SELECT CURRVAL('wp_postmeta_seq') => 223
[1355776077.78] Getting inserted ID for 'wp_postmeta' ('post_id') : SELECT CURRVAL('wp_postmeta_seq') => 224
[1355776077.78] Getting inserted ID for 'wp_postmeta' ('post_id') : SELECT CURRVAL('wp_postmeta_seq') => 225
[1355776077.78] Getting inserted ID for 'wp_postmeta' ('post_id') : SELECT CURRVAL('wp_postmeta_seq') => 226
[1355776080.35] Getting inserted ID for 'wp_options' ('option_name') : SELECT CURRVAL('wp_options_seq') => 605
[1355776080.67] Getting inserted ID for 'wp_options' ('option_name') : SELECT CURRVAL('wp_options_seq') => 606
[1355776102.21] Getting inserted ID for 'wp_options' ('option_name') : SELECT CURRVAL('wp_options_seq') => 607
[1355776102.63] Getting inserted ID for 'wp_options' ('option_name') : SELECT CURRVAL('wp_options_seq') => 608
[1355776103.03] Getting inserted ID for 'wp_options' ('option_name') : SELECT CURRVAL('wp_options_seq') => 609
[1355776150.92] Getting inserted ID for 'wp_options' ('option_name') : SELECT CURRVAL('wp_options_seq') => 610
[1355776151.29] Getting inserted ID for 'wp_options' ('option_name') : SELECT CURRVAL('wp_options_seq') => 611
[1355776274.92] Getting inserted ID for 'wp_options' ('option_name') : SELECT CURRVAL('wp_options_seq') => 612
[1355776275.28] Getting inserted ID for 'wp_options' ('option_name') : SELECT CURRVAL('wp_options_seq') => 613
[1355776296.07] Getting inserted ID for 'wp_options' ('option_name') : SELECT CURRVAL('wp_options_seq') => 614
[1355776303.71] Getting inserted ID for 'wp_options' ('option_name') : SELECT CURRVAL('wp_options_seq') => 615
[1355776304.05] Getting inserted ID for 'wp_options' ('option_name') : SELECT CURRVAL('wp_options_seq') => 616
[1355776304.81] Getting inserted ID for 'wp_options' ('option_name') : SELECT CURRVAL('wp_options_seq') => 617
[1355776305.13] Getting inserted ID for 'wp_options' ('option_name') : SELECT CURRVAL('wp_options_seq') => 618
[1355776397.93] Getting inserted ID for 'wp_options' ('option_name') : SELECT CURRVAL('wp_options_seq') => 619
[1355776428.27] Getting inserted ID for 'wp_options' ('option_name') : SELECT CURRVAL('wp_options_seq') => 620
[1355776438.85] Getting inserted ID for 'wp_options' ('option_name') : SELECT CURRVAL('wp_options_seq') => 621
[1355776456.52] Getting inserted ID for 'wp_options' ('option_name') : SELECT CURRVAL('wp_options_seq') => 622
[1355776472.02] Getting inserted ID for 'wp_options' ('option_name') : SELECT CURRVAL('wp_options_seq') => 623
[1355776505.73] Getting inserted ID for 'wp_options' ('option_name') : SELECT CURRVAL('wp_options_seq') => 624
[1355776673.26] Getting inserted ID for 'wp_options' ('option_name') : SELECT CURRVAL('wp_options_seq') => 625
[1355776685.8] Getting inserted ID for 'wp_options' ('option_name') : SELECT CURRVAL('wp_options_seq') => 626
[1355776693.09] Getting inserted ID for 'wp_options' ('option_name') : SELECT CURRVAL('wp_options_seq') => 627
[1355776707.63] Getting inserted ID for 'wp_options' ('option_name') : SELECT CURRVAL('wp_options_seq') => 628
[1355776736.45] Getting inserted ID for 'wp_options' ('option_name') : SELECT CURRVAL('wp_options_seq') => 629
[1355776752.06] Getting inserted ID for 'wp_options' ('option_name') : SELECT CURRVAL('wp_options_seq') => 630
[1355776752.36] Getting inserted ID for 'wp_options' ('option_name') : SELECT CURRVAL('wp_options_seq') => 631
[1355776753] Getting inserted ID for 'wp_options' ('option_name') : SELECT CURRVAL('wp_options_seq') => 632
[1355776753.33] Getting inserted ID for 'wp_options' ('option_name') : SELECT CURRVAL('wp_options_seq') => 633
[1355776759.16] Getting inserted ID for 'wp_options' ('option_name') : SELECT CURRVAL('wp_options_seq') => 634
[1355777255.26] Getting inserted ID for 'wp_options' ('option_name') : SELECT CURRVAL('wp_options_seq') => 635
[1355777257.27] Getting inserted ID for 'wp_options' ('option_name') : SELECT CURRVAL('wp_options_seq') => 636
[1355777290.79] Getting inserted ID for 'wp_options' ('option_name') : SELECT CURRVAL('wp_options_seq') => 637
[1355777298.82] Getting inserted ID for 'wp_options' ('option_name') : SELECT CURRVAL('wp_options_seq') => 638
[1355777444.91] Getting inserted ID for 'wp_options' ('option_name') : SELECT CURRVAL('wp_options_seq') => 639
[1355777450.49] Getting inserted ID for 'wp_options' ('option_name') : SELECT CURRVAL('wp_options_seq') => 640
[1355777453.19] Getting inserted ID for 'wp_options' ('option_name') : SELECT CURRVAL('wp_options_seq') => 641
